app/build/outputs/logs/manifest-merger-debug-report.txt
-- Merging decision tree log ---
manifest
ADDED from src/main/AndroidManifest.xml:2:1-41:12
	package
		ADDED from src/main/AndroidManifest.xml:3:5-32
		INJECTED from src/main/AndroidManifest.xml
		INJECTED from src/main/AndroidManifest.xml
	android:versionName
		INJECTED from src/main/AndroidManifest.xml
		INJECTED from src/main/AndroidManifest.xml
	xmlns:android
		ADDED from src/main/AndroidManifest.xml:2:11-69
	android:versionCode
		INJECTED from src/main/AndroidManifest.xml
		INJECTED from src/main/AndroidManifest.xml
application
ADDED from src/main/AndroidManifest.xml:5:5-39:19
MERGED from [com.android.support:appcompat-v7:23.1.1] AndroidManifest.xml:22:5-20
MERGED from [com.android.support:support-v4:23.1.1] AndroidManifest.xml:22:5-20
	android:label
		ADDED from src/main/AndroidManifest.xml:8:9-41
	android:allowBackup
		ADDED from src/main/AndroidManifest.xml:6:9-35
	android:icon
		ADDED from src/main/AndroidManifest.xml:7:9-43
	android:theme
		ADDED from src/main/AndroidManifest.xml:9:9-40
activity#com.css.pedometer.views.MainActivity
ADDED from src/main/AndroidManifest.xml:10:9-19:20
	android:screenOrientation
		ADDED from src/main/AndroidManifest.xml:13:13-49
	android:label
		ADDED from src/main/AndroidManifest.xml:12:13-45
	android:theme
		ADDED from src/main/AndroidManifest.xml:14:13-66
	android:name
		ADDED from src/main/AndroidManifest.xml:11:13-47
intent-filter#android.intent.action.MAIN+android.intent.category.LAUNCHER
ADDED from src/main/AndroidManifest.xml:15:13-18:29
action#android.intent.action.MAIN
ADDED from src/main/AndroidManifest.xml:16:17-69
	android:name
		ADDED from src/main/AndroidManifest.xml:16:25-66
category#android.intent.category.LAUNCHER
ADDED from src/main/AndroidManifest.xml:17:17-77
	android:name
		ADDED from src/main/AndroidManifest.xml:17:27-74
activity#com.css.pedometer.views.StepsCounterActivity
ADDED from src/main/AndroidManifest.xml:20:9-24:20
	android:screenOrientation
		ADDED from src/main/AndroidManifest.xml:22:13-49
	android:theme
		ADDED from src/main/AndroidManifest.xml:23:13-66
	android:name
		ADDED from src/main/AndroidManifest.xml:21:13-55
activity#com.css.pedometer.views.CustomAlgoResultsActivity
ADDED from src/main/AndroidManifest.xml:25:9-29:20
	android:screenOrientation
		ADDED from src/main/AndroidManifest.xml:27:13-49
	android:theme
		ADDED from src/main/AndroidManifest.xml:28:13-66
	android:name
		ADDED from src/main/AndroidManifest.xml:26:13-60
activity#com.css.pedometer.views.StepsHistoryActivity
ADDED from src/main/AndroidManifest.xml:30:9-34:20
	android:screenOrientation
		ADDED from src/main/AndroidManifest.xml:32:13-49
	android:theme
		ADDED from src/main/AndroidManifest.xml:33:13-66
	android:name
		ADDED from src/main/AndroidManifest.xml:31:13-55
service#com.css.pedometer.services.StepsTrackerService
ADDED from src/main/AndroidManifest.xml:36:9-82
	android:name
		ADDED from src/main/AndroidManifest.xml:36:18-79
service#com.css.pedometer.services.StepsService
ADDED from src/main/AndroidManifest.xml:37:9-75
	android:name
		ADDED from src/main/AndroidManifest.xml:37:18-72
uses-sdk
INJECTED from src/main/AndroidManifest.xml reason: use-sdk injection requested
MERGED from [com.android.support:appcompat-v7:23.1.1] AndroidManifest.xml:20:5-43
MERGED from [com.android.support:support-v4:23.1.1] AndroidManifest.xml:20:5-43
	android:targetSdkVersion
		INJECTED from src/main/AndroidManifest.xml
		INJECTED from src/main/AndroidManifest.xml
	android:minSdkVersion
		INJECTED from src/main/AndroidManifest.xml
		INJECTED from src/main/AndroidManifest.xml